Analysis & Elaboration report for MIPS_Processor
Fri Jun 07 13:15:24 2024
Quartus Prime Version 20.1.1 Build 720 11/11/2020 SJ Lite Edition


---------------------
; Table of Contents ;
---------------------
  1. Legal Notice
  2. Analysis & Elaboration Summary
  3. Parallel Compilation
  4. Parameter Settings for User Entity Instance: mips_processor:dut|xtimm:xtimm_inst
  5. Parameter Settings for User Entity Instance: mips_processor:dut|cond_eval:branch_cond
  6. Analysis & Elaboration Settings
  7. Port Connectivity Checks: "mips_processor:dut|shifter:shifter_inst"
  8. Port Connectivity Checks: "mips_processor:dut|ALU:alu_inst"
  9. Port Connectivity Checks: "mips_processor:dut|instruction_decoder:id_inst"
 10. Port Connectivity Checks: "mips_processor:dut"
 11. Analysis & Elaboration Messages



----------------
; Legal Notice ;
----------------
Copyright (C) 2020  Intel Corporation. All rights reserved.
Your use of Intel Corporation's design tools, logic functions 
and other software and tools, and any partner logic 
functions, and any output files from any of the foregoing 
(including device programming or simulation files), and any 
associated documentation or information are expressly subject 
to the terms and conditions of the Intel Program License 
Subscription Agreement, the Intel Quartus Prime License Agreement,
the Intel FPGA IP License Agreement, or other applicable license
agreement, including, without limitation, that your use is for
the sole purpose of programming logic devices manufactured by
Intel and sold by Intel or its authorized distributors.  Please
refer to the applicable agreement for further details, at
https://fpgasoftware.intel.com/eula.



+-----------------------------------------------------------------------------+
; Analysis & Elaboration Summary                                              ;
+-------------------------------+---------------------------------------------+
; Analysis & Elaboration Status ; Successful - Fri Jun 07 13:15:24 2024       ;
; Quartus Prime Version         ; 20.1.1 Build 720 11/11/2020 SJ Lite Edition ;
; Revision Name                 ; MIPS_Processor                              ;
; Top-level Entity Name         ; Mips_proccesor_tb                           ;
; Family                        ; Cyclone V                                   ;
; Logic utilization (in ALMs)   ; N/A until Partition Merge                   ;
; Total registers               ; N/A until Partition Merge                   ;
; Total pins                    ; N/A until Partition Merge                   ;
; Total virtual pins            ; N/A until Partition Merge                   ;
; Total block memory bits       ; N/A until Partition Merge                   ;
; Total PLLs                    ; N/A until Partition Merge                   ;
; Total DLLs                    ; N/A until Partition Merge                   ;
+-------------------------------+---------------------------------------------+


+------------------------------------------+
; Parallel Compilation                     ;
+----------------------------+-------------+
; Processors                 ; Number      ;
+----------------------------+-------------+
; Number detected on machine ; 8           ;
; Maximum allowed            ; 8           ;
;                            ;             ;
; Average used               ; 1.00        ;
; Maximum used               ; 1           ;
;                            ;             ;
; Usage by Processor         ; % Time Used ;
;     Processor 1            ; 100.0%      ;
+----------------------------+-------------+


+----------------------------------------------------------------------------------+
; Parameter Settings for User Entity Instance: mips_processor:dut|xtimm:xtimm_inst ;
+----------------+-------+---------------------------------------------------------+
; Parameter Name ; Value ; Type                                                    ;
+----------------+-------+---------------------------------------------------------+
; N              ; 16    ; Signed Integer                                          ;
; M              ; 32    ; Signed Integer                                          ;
+----------------+-------+---------------------------------------------------------+
Note: In order to hide this table in the UI and the text report file, please set the "Show Parameter Settings in Synthesis Report" option in "Analysis and Synthesis Settings -> More Settings" to "Off".


+---------------------------------------------------------------------------------------+
; Parameter Settings for User Entity Instance: mips_processor:dut|cond_eval:branch_cond ;
+----------------+-------+--------------------------------------------------------------+
; Parameter Name ; Value ; Type                                                         ;
+----------------+-------+--------------------------------------------------------------+
; BEQ            ; 1000  ; Unsigned Binary                                              ;
; BNE            ; 1010  ; Unsigned Binary                                              ;
; BLT            ; 0010  ; Unsigned Binary                                              ;
; BGE            ; 0011  ; Unsigned Binary                                              ;
; BGTZ           ; 1100  ; Unsigned Binary                                              ;
; BGT            ; 1110  ; Unsigned Binary                                              ;
+----------------+-------+--------------------------------------------------------------+
Note: In order to hide this table in the UI and the text report file, please set the "Show Parameter Settings in Synthesis Report" option in "Analysis and Synthesis Settings -> More Settings" to "Off".


+---------------------------------------------------------------------------------------------------------------------------+
; Analysis & Elaboration Settings                                                                                           ;
+---------------------------------------------------------------------------------+--------------------+--------------------+
; Option                                                                          ; Setting            ; Default Value      ;
+---------------------------------------------------------------------------------+--------------------+--------------------+
; Device                                                                          ; 5CGXFC5C6F27C7     ;                    ;
; Top-level entity name                                                           ; Mips_proccesor_tb  ; MIPS_Processor     ;
; Family name                                                                     ; Cyclone V          ; Cyclone V          ;
; Use smart compilation                                                           ; Off                ; Off                ;
; Enable parallel Assembler and Timing Analyzer during compilation                ; On                 ; On                 ;
; Enable compact report table                                                     ; Off                ; Off                ;
; Restructure Multiplexers                                                        ; Auto               ; Auto               ;
; MLAB Add Timing Constraints For Mixed-Port Feed-Through Mode Setting Don't Care ; Off                ; Off                ;
; Create Debugging Nodes for IP Cores                                             ; Off                ; Off                ;
; Preserve fewer node names                                                       ; On                 ; On                 ;
; Intel FPGA IP Evaluation Mode                                                   ; Enable             ; Enable             ;
; Verilog Version                                                                 ; Verilog_2001       ; Verilog_2001       ;
; VHDL Version                                                                    ; VHDL_1993          ; VHDL_1993          ;
; State Machine Processing                                                        ; Auto               ; Auto               ;
; Safe State Machine                                                              ; Off                ; Off                ;
; Extract Verilog State Machines                                                  ; On                 ; On                 ;
; Extract VHDL State Machines                                                     ; On                 ; On                 ;
; Ignore Verilog initial constructs                                               ; Off                ; Off                ;
; Iteration limit for constant Verilog loops                                      ; 5000               ; 5000               ;
; Iteration limit for non-constant Verilog loops                                  ; 250                ; 250                ;
; Add Pass-Through Logic to Inferred RAMs                                         ; On                 ; On                 ;
; Infer RAMs from Raw Logic                                                       ; On                 ; On                 ;
; Parallel Synthesis                                                              ; On                 ; On                 ;
; DSP Block Balancing                                                             ; Auto               ; Auto               ;
; NOT Gate Push-Back                                                              ; On                 ; On                 ;
; Power-Up Don't Care                                                             ; On                 ; On                 ;
; Remove Redundant Logic Cells                                                    ; Off                ; Off                ;
; Remove Duplicate Registers                                                      ; On                 ; On                 ;
; Ignore CARRY Buffers                                                            ; Off                ; Off                ;
; Ignore CASCADE Buffers                                                          ; Off                ; Off                ;
; Ignore GLOBAL Buffers                                                           ; Off                ; Off                ;
; Ignore ROW GLOBAL Buffers                                                       ; Off                ; Off                ;
; Ignore LCELL Buffers                                                            ; Off                ; Off                ;
; Ignore SOFT Buffers                                                             ; On                 ; On                 ;
; Limit AHDL Integers to 32 Bits                                                  ; Off                ; Off                ;
; Optimization Technique                                                          ; Balanced           ; Balanced           ;
; Carry Chain Length                                                              ; 70                 ; 70                 ;
; Auto Carry Chains                                                               ; On                 ; On                 ;
; Auto Open-Drain Pins                                                            ; On                 ; On                 ;
; Perform WYSIWYG Primitive Resynthesis                                           ; Off                ; Off                ;
; Auto ROM Replacement                                                            ; On                 ; On                 ;
; Auto RAM Replacement                                                            ; On                 ; On                 ;
; Auto DSP Block Replacement                                                      ; On                 ; On                 ;
; Auto Shift Register Replacement                                                 ; Auto               ; Auto               ;
; Allow Shift Register Merging across Hierarchies                                 ; Auto               ; Auto               ;
; Auto Clock Enable Replacement                                                   ; On                 ; On                 ;
; Strict RAM Replacement                                                          ; Off                ; Off                ;
; Allow Synchronous Control Signals                                               ; On                 ; On                 ;
; Force Use of Synchronous Clear Signals                                          ; Off                ; Off                ;
; Auto Resource Sharing                                                           ; Off                ; Off                ;
; Allow Any RAM Size For Recognition                                              ; Off                ; Off                ;
; Allow Any ROM Size For Recognition                                              ; Off                ; Off                ;
; Allow Any Shift Register Size For Recognition                                   ; Off                ; Off                ;
; Use LogicLock Constraints during Resource Balancing                             ; On                 ; On                 ;
; Ignore translate_off and synthesis_off directives                               ; Off                ; Off                ;
; Timing-Driven Synthesis                                                         ; On                 ; On                 ;
; Report Parameter Settings                                                       ; On                 ; On                 ;
; Report Source Assignments                                                       ; On                 ; On                 ;
; Report Connectivity Checks                                                      ; On                 ; On                 ;
; Ignore Maximum Fan-Out Assignments                                              ; Off                ; Off                ;
; Synchronization Register Chain Length                                           ; 3                  ; 3                  ;
; Power Optimization During Synthesis                                             ; Normal compilation ; Normal compilation ;
; HDL message level                                                               ; Level2             ; Level2             ;
; Suppress Register Optimization Related Messages                                 ; Off                ; Off                ;
; Number of Removed Registers Reported in Synthesis Report                        ; 5000               ; 5000               ;
; Number of Swept Nodes Reported in Synthesis Report                              ; 5000               ; 5000               ;
; Number of Inverted Registers Reported in Synthesis Report                       ; 100                ; 100                ;
; Clock MUX Protection                                                            ; On                 ; On                 ;
; Auto Gated Clock Conversion                                                     ; Off                ; Off                ;
; Block Design Naming                                                             ; Auto               ; Auto               ;
; SDC constraint protection                                                       ; Off                ; Off                ;
; Synthesis Effort                                                                ; Auto               ; Auto               ;
; Shift Register Replacement - Allow Asynchronous Clear Signal                    ; On                 ; On                 ;
; Pre-Mapping Resynthesis Optimization                                            ; Off                ; Off                ;
; Analysis & Synthesis Message Level                                              ; Medium             ; Medium             ;
; Disable Register Merging Across Hierarchies                                     ; Auto               ; Auto               ;
; Resource Aware Inference For Block RAM                                          ; On                 ; On                 ;
; Automatic Parallel Synthesis                                                    ; On                 ; On                 ;
; Partial Reconfiguration Bitstream ID                                            ; Off                ; Off                ;
+---------------------------------------------------------------------------------+--------------------+--------------------+


+-------------------------------------------------------------------------------------------------------------------------------------------------------------------------------------------------------------+
; Port Connectivity Checks: "mips_processor:dut|shifter:shifter_inst"                                                                                                                                         ;
+-------+-------+----------+----------------------------------------------------------------------------------------------------------------------------------------------------------------------------------+
; Port  ; Type  ; Severity ; Details                                                                                                                                                                          ;
+-------+-------+----------+----------------------------------------------------------------------------------------------------------------------------------------------------------------------------------+
; funct ; Input ; Warning  ; Input port expression (3 bits) is wider than the input port (2 bits) it drives.  The 1 most-significant bit(s) in the expression will be dangling if they have no other fanouts. ;
+-------+-------+----------+----------------------------------------------------------------------------------------------------------------------------------------------------------------------------------+


+------------------------------------------------------------------------------------------------------------------+
; Port Connectivity Checks: "mips_processor:dut|ALU:alu_inst"                                                      ;
+--------+--------+----------+-------------------------------------------------------------------------------------+
; Port   ; Type   ; Severity ; Details                                                                             ;
+--------+--------+----------+-------------------------------------------------------------------------------------+
; zero   ; Output ; Info     ; Connected to dangling logic. Logic that only feeds a dangling port will be removed. ;
; neg    ; Output ; Info     ; Connected to dangling logic. Logic that only feeds a dangling port will be removed. ;
; ovfalu ; Output ; Info     ; Connected to dangling logic. Logic that only feeds a dangling port will be removed. ;
+--------+--------+----------+-------------------------------------------------------------------------------------+


+-------------------------------------------------------------------------------------------------------------------------+
; Port Connectivity Checks: "mips_processor:dut|instruction_decoder:id_inst"                                              ;
+---------------+--------+----------+-------------------------------------------------------------------------------------+
; Port          ; Type   ; Severity ; Details                                                                             ;
+---------------+--------+----------+-------------------------------------------------------------------------------------+
; Shift_type[2] ; Output ; Info     ; Connected to dangling logic. Logic that only feeds a dangling port will be removed. ;
+---------------+--------+----------+-------------------------------------------------------------------------------------+


+--------------------------------------------------------------------------------------------------------------------------+
; Port Connectivity Checks: "mips_processor:dut"                                                                           ;
+----------------+--------+----------+-------------------------------------------------------------------------------------+
; Port           ; Type   ; Severity ; Details                                                                             ;
+----------------+--------+----------+-------------------------------------------------------------------------------------+
; aluresout      ; Output ; Info     ; Connected to dangling logic. Logic that only feeds a dangling port will be removed. ;
; shiftresultout ; Output ; Info     ; Connected to dangling logic. Logic that only feeds a dangling port will be removed. ;
; GP_DATA_INout  ; Output ; Info     ; Connected to dangling logic. Logic that only feeds a dangling port will be removed. ;
+----------------+--------+----------+-------------------------------------------------------------------------------------+


+---------------------------------+
; Analysis & Elaboration Messages ;
+---------------------------------+
Info: *******************************************************************
Info: Running Quartus Prime Analysis & Elaboration
    Info: Version 20.1.1 Build 720 11/11/2020 SJ Lite Edition
    Info: Processing started: Fri Jun 07 13:15:11 2024
Info: Command: quartus_map --read_settings_files=on --write_settings_files=off MIPS_Processor -c MIPS_Processor --analysis_and_elaboration
Warning (18236): Number of processors has not been specified which may cause overloading on shared machines.  Set the global assignment NUM_PARALLEL_PROCESSORS in your QSF to an appropriate value for best performance.
Info (20030): Parallel compilation is enabled and will use 8 of the 8 processors detected
Info (12021): Found 1 design units, including 1 entities, in source file baseline_c5gx.v
    Info (12023): Found entity 1: baseline_c5gx File: C:/Users/kiustudents/Desktop/Sophomore/Sophomore/2 term/CA LAB/HWs/HW15/finali/baseline_c5gx.v Line: 38
Info (12021): Found 1 design units, including 1 entities, in source file mips_processor.v
    Info (12023): Found entity 1: mips_processor File: C:/Users/kiustudents/Desktop/Sophomore/Sophomore/2 term/CA LAB/HWs/HW15/finali/MIPS_Processor.v Line: 1
Info (12021): Found 1 design units, including 1 entities, in source file instruction_decoder.v
    Info (12023): Found entity 1: instruction_decoder File: C:/Users/kiustudents/Desktop/Sophomore/Sophomore/2 term/CA LAB/HWs/HW15/finali/instruction_decoder.v Line: 1
Info (12021): Found 3 design units, including 3 entities, in source file alu.v
    Info (12023): Found entity 1: ALU File: C:/Users/kiustudents/Desktop/Sophomore/Sophomore/2 term/CA LAB/HWs/HW15/finali/ALU.v Line: 1
    Info (12023): Found entity 2: ALU_Result File: C:/Users/kiustudents/Desktop/Sophomore/Sophomore/2 term/CA LAB/HWs/HW15/finali/ALU.v Line: 30
    Info (12023): Found entity 3: Compare_TwoC File: C:/Users/kiustudents/Desktop/Sophomore/Sophomore/2 term/CA LAB/HWs/HW15/finali/ALU.v Line: 131
Info (12021): Found 1 design units, including 1 entities, in source file general_porpuse_register.v
    Info (12023): Found entity 1: general_porpuse_register File: C:/Users/kiustudents/Desktop/Sophomore/Sophomore/2 term/CA LAB/HWs/HW15/finali/general_porpuse_register.v Line: 1
Info (12021): Found 1 design units, including 1 entities, in source file memory.v
    Info (12023): Found entity 1: memory File: C:/Users/kiustudents/Desktop/Sophomore/Sophomore/2 term/CA LAB/HWs/HW15/finali/memory.v Line: 1
Info (12021): Found 1 design units, including 1 entities, in source file shifter.v
    Info (12023): Found entity 1: shifter File: C:/Users/kiustudents/Desktop/Sophomore/Sophomore/2 term/CA LAB/HWs/HW15/finali/shifter.v Line: 1
Info (12021): Found 1 design units, including 1 entities, in source file xtimm.v
    Info (12023): Found entity 1: xtimm File: C:/Users/kiustudents/Desktop/Sophomore/Sophomore/2 term/CA LAB/HWs/HW15/finali/xtimm.v Line: 1
Info (12021): Found 2 design units, including 2 entities, in source file cond_eval.v
    Info (12023): Found entity 1: cond_eval File: C:/Users/kiustudents/Desktop/Sophomore/Sophomore/2 term/CA LAB/HWs/HW15/finali/cond_eval.v Line: 1
    Info (12023): Found entity 2: twos_complement File: C:/Users/kiustudents/Desktop/Sophomore/Sophomore/2 term/CA LAB/HWs/HW15/finali/cond_eval.v Line: 32
Info (12021): Found 1 design units, including 1 entities, in source file mips_proccesor_tb.v
    Info (12023): Found entity 1: Mips_proccesor_tb File: C:/Users/kiustudents/Desktop/Sophomore/Sophomore/2 term/CA LAB/HWs/HW15/finali/Mips_proccesor_tb.v Line: 1
Info (12127): Elaborating entity "Mips_proccesor_tb" for the top level hierarchy
Warning (10755): Verilog HDL warning at Mips_proccesor_tb.v(21): assignments to clk create a combinational loop File: C:/Users/kiustudents/Desktop/Sophomore/Sophomore/2 term/CA LAB/HWs/HW15/finali/Mips_proccesor_tb.v Line: 21
Warning (10175): Verilog HDL warning at Mips_proccesor_tb.v(40): ignoring unsupported system task File: C:/Users/kiustudents/Desktop/Sophomore/Sophomore/2 term/CA LAB/HWs/HW15/finali/Mips_proccesor_tb.v Line: 40
Info (12128): Elaborating entity "mips_processor" for hierarchy "mips_processor:dut" File: C:/Users/kiustudents/Desktop/Sophomore/Sophomore/2 term/CA LAB/HWs/HW15/finali/Mips_proccesor_tb.v Line: 18
Warning (10036): Verilog HDL or VHDL warning at MIPS_Processor.v(128): object "pc_out1" assigned a value but never read File: C:/Users/kiustudents/Desktop/Sophomore/Sophomore/2 term/CA LAB/HWs/HW15/finali/MIPS_Processor.v Line: 128
Info (10041): Inferred latch for "srcB[0]" at MIPS_Processor.v(99) File: C:/Users/kiustudents/Desktop/Sophomore/Sophomore/2 term/CA LAB/HWs/HW15/finali/MIPS_Processor.v Line: 99
Info (10041): Inferred latch for "srcB[1]" at MIPS_Processor.v(99) File: C:/Users/kiustudents/Desktop/Sophomore/Sophomore/2 term/CA LAB/HWs/HW15/finali/MIPS_Processor.v Line: 99
Info (10041): Inferred latch for "srcB[2]" at MIPS_Processor.v(99) File: C:/Users/kiustudents/Desktop/Sophomore/Sophomore/2 term/CA LAB/HWs/HW15/finali/MIPS_Processor.v Line: 99
Info (10041): Inferred latch for "srcB[3]" at MIPS_Processor.v(99) File: C:/Users/kiustudents/Desktop/Sophomore/Sophomore/2 term/CA LAB/HWs/HW15/finali/MIPS_Processor.v Line: 99
Info (10041): Inferred latch for "srcB[4]" at MIPS_Processor.v(99) File: C:/Users/kiustudents/Desktop/Sophomore/Sophomore/2 term/CA LAB/HWs/HW15/finali/MIPS_Processor.v Line: 99
Info (10041): Inferred latch for "srcB[5]" at MIPS_Processor.v(99) File: C:/Users/kiustudents/Desktop/Sophomore/Sophomore/2 term/CA LAB/HWs/HW15/finali/MIPS_Processor.v Line: 99
Info (10041): Inferred latch for "srcB[6]" at MIPS_Processor.v(99) File: C:/Users/kiustudents/Desktop/Sophomore/Sophomore/2 term/CA LAB/HWs/HW15/finali/MIPS_Processor.v Line: 99
Info (10041): Inferred latch for "srcB[7]" at MIPS_Processor.v(99) File: C:/Users/kiustudents/Desktop/Sophomore/Sophomore/2 term/CA LAB/HWs/HW15/finali/MIPS_Processor.v Line: 99
Info (10041): Inferred latch for "srcB[8]" at MIPS_Processor.v(99) File: C:/Users/kiustudents/Desktop/Sophomore/Sophomore/2 term/CA LAB/HWs/HW15/finali/MIPS_Processor.v Line: 99
Info (10041): Inferred latch for "srcB[9]" at MIPS_Processor.v(99) File: C:/Users/kiustudents/Desktop/Sophomore/Sophomore/2 term/CA LAB/HWs/HW15/finali/MIPS_Processor.v Line: 99
Info (10041): Inferred latch for "srcB[10]" at MIPS_Processor.v(99) File: C:/Users/kiustudents/Desktop/Sophomore/Sophomore/2 term/CA LAB/HWs/HW15/finali/MIPS_Processor.v Line: 99
Info (10041): Inferred latch for "srcB[11]" at MIPS_Processor.v(99) File: C:/Users/kiustudents/Desktop/Sophomore/Sophomore/2 term/CA LAB/HWs/HW15/finali/MIPS_Processor.v Line: 99
Info (10041): Inferred latch for "srcB[12]" at MIPS_Processor.v(99) File: C:/Users/kiustudents/Desktop/Sophomore/Sophomore/2 term/CA LAB/HWs/HW15/finali/MIPS_Processor.v Line: 99
Info (10041): Inferred latch for "srcB[13]" at MIPS_Processor.v(99) File: C:/Users/kiustudents/Desktop/Sophomore/Sophomore/2 term/CA LAB/HWs/HW15/finali/MIPS_Processor.v Line: 99
Info (10041): Inferred latch for "srcB[14]" at MIPS_Processor.v(99) File: C:/Users/kiustudents/Desktop/Sophomore/Sophomore/2 term/CA LAB/HWs/HW15/finali/MIPS_Processor.v Line: 99
Info (10041): Inferred latch for "srcB[15]" at MIPS_Processor.v(99) File: C:/Users/kiustudents/Desktop/Sophomore/Sophomore/2 term/CA LAB/HWs/HW15/finali/MIPS_Processor.v Line: 99
Info (10041): Inferred latch for "srcB[16]" at MIPS_Processor.v(99) File: C:/Users/kiustudents/Desktop/Sophomore/Sophomore/2 term/CA LAB/HWs/HW15/finali/MIPS_Processor.v Line: 99
Info (10041): Inferred latch for "srcB[17]" at MIPS_Processor.v(99) File: C:/Users/kiustudents/Desktop/Sophomore/Sophomore/2 term/CA LAB/HWs/HW15/finali/MIPS_Processor.v Line: 99
Info (10041): Inferred latch for "srcB[18]" at MIPS_Processor.v(99) File: C:/Users/kiustudents/Desktop/Sophomore/Sophomore/2 term/CA LAB/HWs/HW15/finali/MIPS_Processor.v Line: 99
Info (10041): Inferred latch for "srcB[19]" at MIPS_Processor.v(99) File: C:/Users/kiustudents/Desktop/Sophomore/Sophomore/2 term/CA LAB/HWs/HW15/finali/MIPS_Processor.v Line: 99
Info (10041): Inferred latch for "srcB[20]" at MIPS_Processor.v(99) File: C:/Users/kiustudents/Desktop/Sophomore/Sophomore/2 term/CA LAB/HWs/HW15/finali/MIPS_Processor.v Line: 99
Info (10041): Inferred latch for "srcB[21]" at MIPS_Processor.v(99) File: C:/Users/kiustudents/Desktop/Sophomore/Sophomore/2 term/CA LAB/HWs/HW15/finali/MIPS_Processor.v Line: 99
Info (10041): Inferred latch for "srcB[22]" at MIPS_Processor.v(99) File: C:/Users/kiustudents/Desktop/Sophomore/Sophomore/2 term/CA LAB/HWs/HW15/finali/MIPS_Processor.v Line: 99
Info (10041): Inferred latch for "srcB[23]" at MIPS_Processor.v(99) File: C:/Users/kiustudents/Desktop/Sophomore/Sophomore/2 term/CA LAB/HWs/HW15/finali/MIPS_Processor.v Line: 99
Info (10041): Inferred latch for "srcB[24]" at MIPS_Processor.v(99) File: C:/Users/kiustudents/Desktop/Sophomore/Sophomore/2 term/CA LAB/HWs/HW15/finali/MIPS_Processor.v Line: 99
Info (10041): Inferred latch for "srcB[25]" at MIPS_Processor.v(99) File: C:/Users/kiustudents/Desktop/Sophomore/Sophomore/2 term/CA LAB/HWs/HW15/finali/MIPS_Processor.v Line: 99
Info (10041): Inferred latch for "srcB[26]" at MIPS_Processor.v(99) File: C:/Users/kiustudents/Desktop/Sophomore/Sophomore/2 term/CA LAB/HWs/HW15/finali/MIPS_Processor.v Line: 99
Info (10041): Inferred latch for "srcB[27]" at MIPS_Processor.v(99) File: C:/Users/kiustudents/Desktop/Sophomore/Sophomore/2 term/CA LAB/HWs/HW15/finali/MIPS_Processor.v Line: 99
Info (10041): Inferred latch for "srcB[28]" at MIPS_Processor.v(99) File: C:/Users/kiustudents/Desktop/Sophomore/Sophomore/2 term/CA LAB/HWs/HW15/finali/MIPS_Processor.v Line: 99
Info (10041): Inferred latch for "srcB[29]" at MIPS_Processor.v(99) File: C:/Users/kiustudents/Desktop/Sophomore/Sophomore/2 term/CA LAB/HWs/HW15/finali/MIPS_Processor.v Line: 99
Info (10041): Inferred latch for "srcB[30]" at MIPS_Processor.v(99) File: C:/Users/kiustudents/Desktop/Sophomore/Sophomore/2 term/CA LAB/HWs/HW15/finali/MIPS_Processor.v Line: 99
Info (10041): Inferred latch for "srcB[31]" at MIPS_Processor.v(99) File: C:/Users/kiustudents/Desktop/Sophomore/Sophomore/2 term/CA LAB/HWs/HW15/finali/MIPS_Processor.v Line: 99
Info (12128): Elaborating entity "general_porpuse_register" for hierarchy "mips_processor:dut|general_porpuse_register:mem_inst" File: C:/Users/kiustudents/Desktop/Sophomore/Sophomore/2 term/CA LAB/HWs/HW15/finali/MIPS_Processor.v Line: 37
Warning (10850): Verilog HDL warning at general_porpuse_register.v(19): number of words (37) in memory file does not match the number of elements in the address range [0:255] File: C:/Users/kiustudents/Desktop/Sophomore/Sophomore/2 term/CA LAB/HWs/HW15/finali/general_porpuse_register.v Line: 19
Info (12128): Elaborating entity "instruction_decoder" for hierarchy "mips_processor:dut|instruction_decoder:id_inst" File: C:/Users/kiustudents/Desktop/Sophomore/Sophomore/2 term/CA LAB/HWs/HW15/finali/MIPS_Processor.v Line: 54
Warning (10036): Verilog HDL or VHDL warning at instruction_decoder.v(21): object "rs" assigned a value but never read File: C:/Users/kiustudents/Desktop/Sophomore/Sophomore/2 term/CA LAB/HWs/HW15/finali/instruction_decoder.v Line: 21
Warning (10036): Verilog HDL or VHDL warning at instruction_decoder.v(24): object "sa" assigned a value but never read File: C:/Users/kiustudents/Desktop/Sophomore/Sophomore/2 term/CA LAB/HWs/HW15/finali/instruction_decoder.v Line: 24
Warning (10036): Verilog HDL or VHDL warning at instruction_decoder.v(26): object "imm" assigned a value but never read File: C:/Users/kiustudents/Desktop/Sophomore/Sophomore/2 term/CA LAB/HWs/HW15/finali/instruction_decoder.v Line: 26
Warning (10036): Verilog HDL or VHDL warning at instruction_decoder.v(27): object "iindex" assigned a value but never read File: C:/Users/kiustudents/Desktop/Sophomore/Sophomore/2 term/CA LAB/HWs/HW15/finali/instruction_decoder.v Line: 27
Warning (10036): Verilog HDL or VHDL warning at instruction_decoder.v(49): object "jb" assigned a value but never read File: C:/Users/kiustudents/Desktop/Sophomore/Sophomore/2 term/CA LAB/HWs/HW15/finali/instruction_decoder.v Line: 49
Warning (10036): Verilog HDL or VHDL warning at instruction_decoder.v(58): object "rdes" assigned a value but never read File: C:/Users/kiustudents/Desktop/Sophomore/Sophomore/2 term/CA LAB/HWs/HW15/finali/instruction_decoder.v Line: 58
Info (12128): Elaborating entity "ALU" for hierarchy "mips_processor:dut|ALU:alu_inst" File: C:/Users/kiustudents/Desktop/Sophomore/Sophomore/2 term/CA LAB/HWs/HW15/finali/MIPS_Processor.v Line: 69
Info (12128): Elaborating entity "ALU_Result" for hierarchy "mips_processor:dut|ALU:alu_inst|ALU_Result:alu_res_inst" File: C:/Users/kiustudents/Desktop/Sophomore/Sophomore/2 term/CA LAB/HWs/HW15/finali/ALU.v Line: 18
Warning (10240): Verilog HDL Always Construct warning at ALU.v(51): inferring latch(es) for variable "alu_op_result", which holds its previous value in one or more paths through the always construct File: C:/Users/kiustudents/Desktop/Sophomore/Sophomore/2 term/CA LAB/HWs/HW15/finali/ALU.v Line: 51
Info (12128): Elaborating entity "Compare_TwoC" for hierarchy "mips_processor:dut|ALU:alu_inst|ALU_Result:alu_res_inst|Compare_TwoC:compare_twoc_inst" File: C:/Users/kiustudents/Desktop/Sophomore/Sophomore/2 term/CA LAB/HWs/HW15/finali/ALU.v Line: 46
Info (12128): Elaborating entity "memory" for hierarchy "mips_processor:dut|memory:gpr_inst" File: C:/Users/kiustudents/Desktop/Sophomore/Sophomore/2 term/CA LAB/HWs/HW15/finali/MIPS_Processor.v Line: 81
Warning (10850): Verilog HDL warning at memory.v(20): number of words (37) in memory file does not match the number of elements in the address range [0:31] File: C:/Users/kiustudents/Desktop/Sophomore/Sophomore/2 term/CA LAB/HWs/HW15/finali/memory.v Line: 20
Info (12128): Elaborating entity "shifter" for hierarchy "mips_processor:dut|shifter:shifter_inst" File: C:/Users/kiustudents/Desktop/Sophomore/Sophomore/2 term/CA LAB/HWs/HW15/finali/MIPS_Processor.v Line: 90
Warning (10259): Verilog HDL error at shifter.v(16): constant value overflow File: C:/Users/kiustudents/Desktop/Sophomore/Sophomore/2 term/CA LAB/HWs/HW15/finali/shifter.v Line: 16
Info (12128): Elaborating entity "xtimm" for hierarchy "mips_processor:dut|xtimm:xtimm_inst" File: C:/Users/kiustudents/Desktop/Sophomore/Sophomore/2 term/CA LAB/HWs/HW15/finali/MIPS_Processor.v Line: 96
Info (12128): Elaborating entity "cond_eval" for hierarchy "mips_processor:dut|cond_eval:branch_cond" File: C:/Users/kiustudents/Desktop/Sophomore/Sophomore/2 term/CA LAB/HWs/HW15/finali/MIPS_Processor.v Line: 113
Info (12128): Elaborating entity "twos_complement" for hierarchy "mips_processor:dut|cond_eval:branch_cond|twos_complement:twos_comp_rs1" File: C:/Users/kiustudents/Desktop/Sophomore/Sophomore/2 term/CA LAB/HWs/HW15/finali/cond_eval.v Line: 19
Warning (12011): Net is missing source, defaulting to GND
    Warning (12110): Net "clk" is missing source, defaulting to GND File: C:/Users/kiustudents/Desktop/Sophomore/Sophomore/2 term/CA LAB/HWs/HW15/finali/Mips_proccesor_tb.v Line: 3
Warning (12241): 1 hierarchies have connectivity warnings - see the Connectivity Checks report folder
Info: Quartus Prime Analysis & Elaboration was successful. 0 errors, 17 warnings
    Info: Peak virtual memory: 4772 megabytes
    Info: Processing ended: Fri Jun 07 13:15:24 2024
    Info: Elapsed time: 00:00:13
    Info: Total CPU time (on all processors): 00:00:31


